<?xml version="1.0" encoding="UTF-8"?>
<testng-results ignored="0" total="1" passed="1" failed="0" skipped="0">
  <reporter-output>
  </reporter-output>
  <suite started-at="2021-02-02T14:09:20 IST" name="Default suite" finished-at="2021-02-02T14:09:47 IST" duration-ms="26506">
    <groups>
      <group name="demoToolsQA">
        <method signature="TestNG2.f()[pri:0, instance:TestNG2@5e316c74]" name="f" class="TestNG2"/>
      </group> <!-- demoToolsQA -->
    </groups>
    <test started-at="2021-02-02T14:09:20 IST" name="Default test" finished-at="2021-02-02T14:09:47 IST" duration-ms="26506">
      <class name="TestNG2">
        <test-method is-config="true" signature="beforeClass()[pri:0, instance:TestNG2@5e316c74]" started-at="2021-02-02T14:09:20 IST" name="beforeClass" finished-at="2021-02-02T14:09:20 IST" duration-ms="13" status="PASS">
          <reporter-output>
          </reporter-output>
        </test-method> <!-- beforeClass -->
        <test-method is-config="true" signature="beforeMethod()[pri:0, instance:TestNG2@5e316c74]" started-at="2021-02-02T14:09:20 IST" name="beforeMethod" finished-at="2021-02-02T14:09:29 IST" duration-ms="8309" status="PASS">
          <reporter-output>
          </reporter-output>
        </test-method> <!-- beforeMethod -->
        <test-method signature="f()[pri:0, instance:TestNG2@5e316c74]" started-at="2021-02-02T14:09:29 IST" name="f" finished-at="2021-02-02T14:09:46 IST" duration-ms="16953" status="PASS">
          <reporter-output>
          </reporter-output>
        </test-method> <!-- f -->
        <test-method is-config="true" signature="afterMethod()[pri:0, instance:TestNG2@5e316c74]" started-at="2021-02-02T14:09:46 IST" name="afterMethod" finished-at="2021-02-02T14:09:47 IST" duration-ms="1171" status="PASS">
          <reporter-output>
          </reporter-output>
        </test-method> <!-- afterMethod -->
        <test-method is-config="true" signature="afterClass()[pri:0, instance:TestNG2@5e316c74]" started-at="2021-02-02T14:09:47 IST" name="afterClass" finished-at="2021-02-02T14:09:47 IST" duration-ms="1" status="PASS">
          <reporter-output>
          </reporter-output>
        </test-method> <!-- afterClass -->
      </class> <!-- TestNG2 -->
    </test> <!-- Default test -->
  </suite> <!-- Default suite -->
</testng-results>
